E:\SEVER3\MULTIINTERFACE\X64\RELEASE\IOCARD.OBJ
E:\SEVER3\MULTIINTERFACE\X64\RELEASE\MOC_WIDGETWARNING.OBJ
E:\SEVER3\MULTIINTERFACE\X64\RELEASE\MOC_WIDGETUSER.OBJ
E:\SEVER3\MULTIINTERFACE\X64\RELEASE\MOC_WIDGETSEVER.OBJ
E:\SEVER3\MULTIINTERFACE\X64\RELEASE\MOC_WIDGETMODE.OBJ
E:\SEVER3\MULTIINTERFACE\X64\RELEASE\MOC_WIDGETALERT.OBJ
E:\SEVER3\MULTIINTERFACE\X64\RELEASE\MOC_QCUSTOMPLOT.OBJ
E:\SEVER3\MULTIINTERFACE\X64\RELEASE\MOC_PIEVIEW.OBJ
E:\SEVER3\MULTIINTERFACE\X64\RELEASE\MOC_IOCARD.OBJ
E:\SEVER3\MULTIINTERFACE\X64\RELEASE\MOC_EXCELOBJECT.OBJ
E:\SEVER3\MULTIINTERFACE\X64\RELEASE\MOC_DHBASEWIDGET.OBJ
E:\SEVER3\MULTIINTERFACE\X64\RELEASE\MOC_CLOGFILE.OBJ
E:\SEVER3\MULTIINTERFACE\X64\RELEASE\EXCELOBJECT.OBJ
E:\SEVER3\MULTIINTERFACE\X64\RELEASE\DHBASEWIDGET.OBJ
E:\SEVER3\MULTIINTERFACE\X64\RELEASE\CLOGFILE.OBJ
E:\SEVER3\MULTIINTERFACE\X64\RELEASE\WIDGETSEVER.OBJ
E:\SEVER3\MULTIINTERFACE\X64\RELEASE\WIDGETUSER.OBJ
E:\SEVER3\MULTIINTERFACE\X64\RELEASE\WIDGETALERT.OBJ
E:\SEVER3\MULTIINTERFACE\X64\RELEASE\QCUSTOMPLOT.OBJ
E:\SEVER3\MULTIINTERFACE\X64\RELEASE\PIEVIEW.OBJ
E:\SEVER3\MULTIINTERFACE\GENERATEDFILES\RELEASE\MOC_MULTIINTERFACE.CPP
E:\SEVER3\MULTIINTERFACE\GENERATEDFILES\UI_MULTIINTERFACE.H
E:\SEVER3\MULTIINTERFACE\GENERATEDFILES\RELEASE\MOC_WIDGETALERT.CPP
E:\SEVER3\MULTIINTERFACE\GENERATEDFILES\RELEASE\MOC_WIDGETWARNING.CPP
E:\SEVER3\MULTIINTERFACE\GENERATEDFILES\RELEASE\MOC_WIDGETUSER.CPP
E:\SEVER3\MULTIINTERFACE\GENERATEDFILES\RELEASE\MOC_IOCARD.CPP
E:\SEVER3\MULTIINTERFACE\GENERATEDFILES\RELEASE\MOC_CLOGFILE.CPP
E:\SEVER3\MULTIINTERFACE\GENERATEDFILES\RELEASE\MOC_WIDGETSEVER.CPP
E:\SEVER3\MULTIINTERFACE\GENERATEDFILES\QRC_MULTIINTERFACE.CPP
E:\SEVER3\MULTIINTERFACE\GENERATEDFILES\UI_IOCARD.H
E:\SEVER3\MULTIINTERFACE\GENERATEDFILES\UI_ALERTWIDGET.H
E:\SEVER3\MULTIINTERFACE\GENERATEDFILES\UI_USERWIDGET.H
E:\SEVER3\MULTIINTERFACE\GENERATEDFILES\UI_WIDGET_COUNT.H
E:\SEVER3\MULTIINTERFACE\GENERATEDFILES\RELEASE\MOC_DHBASEWIDGET.CPP
E:\SEVER3\MULTIINTERFACE\GENERATEDFILES\RELEASE\MOC_PIEVIEW.CPP
E:\SEVER3\MULTIINTERFACE\GENERATEDFILES\RELEASE\MOC_QCUSTOMPLOT.CPP
E:\SEVER3\MULTIINTERFACE\GENERATEDFILES\RELEASE\MOC_WIDGET_COUNT.CPP
E:\SEVER3\MULTIINTERFACE\GENERATEDFILES\UI_PRODECTMODE.H
E:\SEVER3\MULTIINTERFACE\GENERATEDFILES\RELEASE\MOC_WIDGETMODE.CPP
E:\SEVER3\MULTIINTERFACE\GENERATEDFILES\RELEASE\MOC_EXCELOBJECT.CPP
E:\Sever3\MultiInterface\x64\Release\clogfile.obj
E:\Sever3\MultiInterface\x64\Release\dhbasewidget.obj
E:\Sever3\MultiInterface\x64\Release\ExcelObject.obj
E:\Sever3\MultiInterface\x64\Release\IOCard.obj
E:\Sever3\MultiInterface\x64\Release\moc_clogfile.obj
E:\Sever3\MultiInterface\x64\Release\moc_dhbasewidget.obj
E:\Sever3\MultiInterface\x64\Release\moc_ExcelObject.obj
E:\Sever3\MultiInterface\x64\Release\moc_IOCard.obj
E:\Sever3\MultiInterface\x64\Release\moc_pieview.obj
E:\Sever3\MultiInterface\x64\Release\moc_qcustomplot.obj
E:\Sever3\MultiInterface\x64\Release\moc_widgetAlert.obj
E:\Sever3\MultiInterface\x64\Release\moc_widgetMode.obj
E:\Sever3\MultiInterface\x64\Release\moc_widgetSever.obj
E:\Sever3\MultiInterface\x64\Release\moc_widgetUser.obj
E:\Sever3\MultiInterface\x64\Release\moc_widgetWarning.obj
E:\Sever3\MultiInterface\x64\Release\pieview.obj
E:\Sever3\MultiInterface\x64\Release\qcustomplot.obj
E:\Sever3\MultiInterface\x64\Release\widgetAlert.obj
E:\Sever3\MultiInterface\x64\Release\widgetSever.obj
E:\Sever3\MultiInterface\x64\Release\widgetUser.obj
E:\Sever3\MultiInterface\x64\Release\cl.command.1.tlog
E:\Sever3\MultiInterface\x64\Release\CL.read.1.tlog
E:\Sever3\MultiInterface\x64\Release\CL.write.1.tlog
E:\Sever3\MultiInterface\x64\Release\custombuild.command.1.tlog
E:\Sever3\MultiInterface\x64\Release\custombuild.read.1.tlog
E:\Sever3\MultiInterface\x64\Release\custombuild.write.1.tlog
E:\Sever3\MultiInterface\x64\Release\vc100.pdb
